20151231145626: 数据检查<xml><ToUserName><![CDATA[gh_b4c1774a1ef7]]></ToUserName>
<FromUserName><![CDATA[osp6swrNZiWtEuTy-Gj1cBVA1l38]]></FromUserName>
<CreateTime>1451544980</CreateTime>
<MsgType><![CDATA[text]]></MsgType>
<Content><![CDATA[利润率]]></Content>
<MsgId>6234338218175552514</MsgId>
</xml>
20151231145739: 数据检查<xml><ToUserName><![CDATA[gh_b4c1774a1ef7]]></ToUserName>
<FromUserName><![CDATA[osp6swrNZiWtEuTy-Gj1cBVA1l38]]></FromUserName>
<CreateTime>1451545052</CreateTime>
<MsgType><![CDATA[text]]></MsgType>
<Content><![CDATA[除了]]></Content>
<MsgId>6234338527413197851</MsgId>
</xml>
20151231161513: 数据检查<xml><ToUserName><![CDATA[gh_b4c1774a1ef7]]></ToUserName>
<FromUserName><![CDATA[osp6swrNZiWtEuTy-Gj1cBVA1l38]]></FromUserName>
<CreateTime>1451549705</CreateTime>
<MsgType><![CDATA[text]]></MsgType>
<Content><![CDATA[出]]></Content>
<MsgId>6234358511896028157</MsgId>
</xml>
20151231161514: 数据检查<xml><ToUserName><![CDATA[gh_b4c1774a1ef7]]></ToUserName>
<FromUserName><![CDATA[osp6swrNZiWtEuTy-Gj1cBVA1l38]]></FromUserName>
<CreateTime>1451549706</CreateTime>
<MsgType><![CDATA[text]]></MsgType>
<Content><![CDATA[你要]]></Content>
<MsgId>6234358516190995455</MsgId>
</xml>
20151231161516: 数据检查<xml><ToUserName><![CDATA[gh_b4c1774a1ef7]]></ToUserName>
<FromUserName><![CDATA[osp6swrNZiWtEuTy-Gj1cBVA1l38]]></FromUserName>
<CreateTime>1451549708</CreateTime>
<MsgType><![CDATA[text]]></MsgType>
<Content><![CDATA[你要]]></Content>
<MsgId>6234358524780930053</MsgId>
</xml>
20151231161517: 数据检查<xml><ToUserName><![CDATA[gh_b4c1774a1ef7]]></ToUserName>
<FromUserName><![CDATA[osp6swrNZiWtEuTy-Gj1cBVA1l38]]></FromUserName>
<CreateTime>1451549709</CreateTime>
<MsgType><![CDATA[text]]></MsgType>
<Content><![CDATA[你要]]></Content>
<MsgId>6234358529075897351</MsgId>
</xml>
20151231161518: 数据检查<xml><ToUserName><![CDATA[gh_b4c1774a1ef7]]></ToUserName>
<FromUserName><![CDATA[osp6swrNZiWtEuTy-Gj1cBVA1l38]]></FromUserName>
<CreateTime>1451549710</CreateTime>
<MsgType><![CDATA[text]]></MsgType>
<Content><![CDATA[你]]></Content>
<MsgId>6234358533370864649</MsgId>
</xml>
20151231161520: 数据检查<xml><ToUserName><![CDATA[gh_b4c1774a1ef7]]></ToUserName>
<FromUserName><![CDATA[osp6swrNZiWtEuTy-Gj1cBVA1l38]]></FromUserName>
<CreateTime>1451549712</CreateTime>
<MsgType><![CDATA[text]]></MsgType>
<Content><![CDATA[那是我]]></Content>
<MsgId>6234358541960799247</MsgId>
</xml>
20151231161522: 数据检查<xml><ToUserName><![CDATA[gh_b4c1774a1ef7]]></ToUserName>
<FromUserName><![CDATA[osp6swrNZiWtEuTy-Gj1cBVA1l38]]></FromUserName>
<CreateTime>1451549714</CreateTime>
<MsgType><![CDATA[text]]></MsgType>
<Content><![CDATA[你要]]></Content>
<MsgId>6234358550550733841</MsgId>
</xml>
20151231164759: 数据检查<xml><ToUserName><![CDATA[gh_b4c1774a1ef7]]></ToUserName>
<FromUserName><![CDATA[osp6swrNZiWtEuTy-Gj1cBVA1l38]]></FromUserName>
<CreateTime>1451551671</CreateTime>
<MsgType><![CDATA[text]]></MsgType>
<Content><![CDATA[你想要]]></Content>
<MsgId>6234366955801732979</MsgId>
</xml>
20151231164759: 数据检查<xml><ToUserName><![CDATA[gh_b4c1774a1ef7]]></ToUserName>
<FromUserName><![CDATA[osp6swrNZiWtEuTy-Gj1cBVA1l38]]></FromUserName>
<CreateTime>1451551671</CreateTime>
<MsgType><![CDATA[text]]></MsgType>
<Content><![CDATA[还是]]></Content>
<MsgId>6234366955801732980</MsgId>
</xml>
20151231164800: 数据检查<xml><ToUserName><![CDATA[gh_b4c1774a1ef7]]></ToUserName>
<FromUserName><![CDATA[osp6swrNZiWtEuTy-Gj1cBVA1l38]]></FromUserName>
<CreateTime>1451551671</CreateTime>
<MsgType><![CDATA[text]]></MsgType>
<Content><![CDATA[还]]></Content>
<MsgId>6234366955801732981</MsgId>
</xml>
20151231164801: 数据检查<xml><ToUserName><![CDATA[gh_b4c1774a1ef7]]></ToUserName>
<FromUserName><![CDATA[osp6swrNZiWtEuTy-Gj1cBVA1l38]]></FromUserName>
<CreateTime>1451551673</CreateTime>
<MsgType><![CDATA[text]]></MsgType>
<Content><![CDATA[in]]></Content>
<MsgId>6234366964391667575</MsgId>
</xml>
20151231164803: 数据检查<xml><ToUserName><![CDATA[gh_b4c1774a1ef7]]></ToUserName>
<FromUserName><![CDATA[osp6swrNZiWtEuTy-Gj1cBVA1l38]]></FromUserName>
<CreateTime>1451551674</CreateTime>
<MsgType><![CDATA[text]]></MsgType>
<Content><![CDATA[minor]]></Content>
<MsgId>6234366968686634874</MsgId>
</xml>
20151231164804: 数据检查<xml><ToUserName><![CDATA[gh_b4c1774a1ef7]]></ToUserName>
<FromUserName><![CDATA[osp6swrNZiWtEuTy-Gj1cBVA1l38]]></FromUserName>
<CreateTime>1451551676</CreateTime>
<MsgType><![CDATA[text]]></MsgType>
<Content><![CDATA[丁是丁卯是卯]]></Content>
<MsgId>6234366977276569468</MsgId>
</xml>
20151231164806: 数据检查<xml><ToUserName><![CDATA[gh_b4c1774a1ef7]]></ToUserName>
<FromUserName><![CDATA[osp6swrNZiWtEuTy-Gj1cBVA1l38]]></FromUserName>
<CreateTime>1451551677</CreateTime>
<MsgType><![CDATA[text]]></MsgType>
<Content><![CDATA[Dior]]></Content>
<MsgId>6234366981571536767</MsgId>
</xml>
20151231164808: 数据检查<xml><ToUserName><![CDATA[gh_b4c1774a1ef7]]></ToUserName>
<FromUserName><![CDATA[osp6swrNZiWtEuTy-Gj1cBVA1l38]]></FromUserName>
<CreateTime>1451551679</CreateTime>
<MsgType><![CDATA[text]]></MsgType>
<Content><![CDATA[for为什么]]></Content>
<MsgId>6234366990161471360</MsgId>
</xml>
20151231164810: 数据检查<xml><ToUserName><![CDATA[gh_b4c1774a1ef7]]></ToUserName>
<FromUserName><![CDATA[osp6swrNZiWtEuTy-Gj1cBVA1l38]]></FromUserName>
<CreateTime>1451551682</CreateTime>
<MsgType><![CDATA[text]]></MsgType>
<Content><![CDATA[婆婆]]></Content>
<MsgId>6234367003046373250</MsgId>
</xml>
20151231164815: 数据检查<xml><ToUserName><![CDATA[gh_b4c1774a1ef7]]></ToUserName>
<FromUserName><![CDATA[osp6swrNZiWtEuTy-Gj1cBVA1l38]]></FromUserName>
<CreateTime>1451551686</CreateTime>
<MsgType><![CDATA[text]]></MsgType>
<Content><![CDATA[有人在吗]]></Content>
<MsgId>6234367020226242436</MsgId>
</xml>
20160101204736: 数据检查<xml><ToUserName><![CDATA[gh_b4c1774a1ef7]]></ToUserName>
<FromUserName><![CDATA[osp6swkdED28-Bo9k0zV1TBfAVwM]]></FromUserName>
<CreateTime>1451652455</CreateTime>
<MsgType><![CDATA[event]]></MsgType>
<Event><![CDATA[CLICK]]></Event>
<EventKey><![CDATA[enterChatingroom]]></EventKey>
</xml>
20160101204743: 数据检查<xml><ToUserName><![CDATA[gh_b4c1774a1ef7]]></ToUserName>
<FromUserName><![CDATA[osp6swkdED28-Bo9k0zV1TBfAVwM]]></FromUserName>
<CreateTime>1451652462</CreateTime>
<MsgType><![CDATA[text]]></MsgType>
<Content><![CDATA[test]]></Content>
<MsgId>6234799849850500236</MsgId>
</xml>
20160101204805: 数据检查<xml><ToUserName><![CDATA[gh_b4c1774a1ef7]]></ToUserName>
<FromUserName><![CDATA[osp6swkdED28-Bo9k0zV1TBfAVwM]]></FromUserName>
<CreateTime>1451652484</CreateTime>
<MsgType><![CDATA[event]]></MsgType>
<Event><![CDATA[VIEW]]></Event>
<EventKey><![CDATA[http://www.alsovalue.com/case.php]]></EventKey>
<MenuId>401705355</MenuId>
</xml>
20160101204813: 数据检查<xml><ToUserName><![CDATA[gh_b4c1774a1ef7]]></ToUserName>
<FromUserName><![CDATA[osp6swkdED28-Bo9k0zV1TBfAVwM]]></FromUserName>
<CreateTime>1451652492</CreateTime>
<MsgType><![CDATA[event]]></MsgType>
<Event><![CDATA[VIEW]]></Event>
<EventKey><![CDATA[http://www.alsovalue.com/case.php]]></EventKey>
<MenuId>401705355</MenuId>
</xml>
20160101204825: 数据检查<xml><ToUserName><![CDATA[gh_b4c1774a1ef7]]></ToUserName>
<FromUserName><![CDATA[osp6swkdED28-Bo9k0zV1TBfAVwM]]></FromUserName>
<CreateTime>1451652504</CreateTime>
<MsgType><![CDATA[event]]></MsgType>
<Event><![CDATA[VIEW]]></Event>
<EventKey><![CDATA[http://www.alsovalue.com/contactus.php]]></EventKey>
<MenuId>401705355</MenuId>
</xml>
20160101204843: 数据检查<xml><ToUserName><![CDATA[gh_b4c1774a1ef7]]></ToUserName>
<FromUserName><![CDATA[osp6swkdED28-Bo9k0zV1TBfAVwM]]></FromUserName>
<CreateTime>1451652519</CreateTime>
<MsgType><![CDATA[event]]></MsgType>
<Event><![CDATA[VIEW]]></Event>
<EventKey><![CDATA[http://www.rsbk.cc]]></EventKey>
<MenuId>401705355</MenuId>
</xml>
20160101204847: 数据检查<xml><ToUserName><![CDATA[gh_b4c1774a1ef7]]></ToUserName>
<FromUserName><![CDATA[osp6swkdED28-Bo9k0zV1TBfAVwM]]></FromUserName>
<CreateTime>1451652526</CreateTime>
<MsgType><![CDATA[event]]></MsgType>
<Event><![CDATA[VIEW]]></Event>
<EventKey><![CDATA[http://www.alsovalue.com/case.php]]></EventKey>
<MenuId>401705355</MenuId>
</xml>
20160101205650: 数据检查<xml><ToUserName><![CDATA[gh_b4c1774a1ef7]]></ToUserName>
<FromUserName><![CDATA[osp6swkdED28-Bo9k0zV1TBfAVwM]]></FromUserName>
<CreateTime>1451653009</CreateTime>
<MsgType><![CDATA[event]]></MsgType>
<Event><![CDATA[unsubscribe]]></Event>
<EventKey><![CDATA[]]></EventKey>
</xml>
20160101205805: 数据检查<xml><ToUserName><![CDATA[gh_b4c1774a1ef7]]></ToUserName>
<FromUserName><![CDATA[osp6swkdED28-Bo9k0zV1TBfAVwM]]></FromUserName>
<CreateTime>1451653084</CreateTime>
<MsgType><![CDATA[event]]></MsgType>
<Event><![CDATA[subscribe]]></Event>
<EventKey><![CDATA[]]></EventKey>
</xml>
20160101205828: 数据检查<xml><ToUserName><![CDATA[gh_b4c1774a1ef7]]></ToUserName>
<FromUserName><![CDATA[osp6swkdED28-Bo9k0zV1TBfAVwM]]></FromUserName>
<CreateTime>1451653107</CreateTime>
<MsgType><![CDATA[event]]></MsgType>
<Event><![CDATA[CLICK]]></Event>
<EventKey><![CDATA[enterChatingroom]]></EventKey>
</xml>
20160101205835: 数据检查<xml><ToUserName><![CDATA[gh_b4c1774a1ef7]]></ToUserName>
<FromUserName><![CDATA[osp6swkdED28-Bo9k0zV1TBfAVwM]]></FromUserName>
<CreateTime>1451653114</CreateTime>
<MsgType><![CDATA[text]]></MsgType>
<Content><![CDATA[我的心理]]></Content>
<MsgId>6234802650169177860</MsgId>
</xml>
20160105103948: 数据检查<xml><ToUserName><![CDATA[gh_b4c1774a1ef7]]></ToUserName>
<FromUserName><![CDATA[osp6swrNZiWtEuTy-Gj1cBVA1l38]]></FromUserName>
<CreateTime>1451961588</CreateTime>
<MsgType><![CDATA[text]]></MsgType>
<Content><![CDATA[Hsb]]></Content>
<MsgId>6236127535910945198</MsgId>
</xml>
20160105103956: 数据检查<xml><ToUserName><![CDATA[gh_b4c1774a1ef7]]></ToUserName>
<FromUserName><![CDATA[osp6swrNZiWtEuTy-Gj1cBVA1l38]]></FromUserName>
<CreateTime>1451961595</CreateTime>
<MsgType><![CDATA[event]]></MsgType>
<Event><![CDATA[CLICK]]></Event>
<EventKey><![CDATA[enterChatingroom]]></EventKey>
</xml>
20160105104001: 数据检查<xml><ToUserName><![CDATA[gh_b4c1774a1ef7]]></ToUserName>
<FromUserName><![CDATA[osp6swrNZiWtEuTy-Gj1cBVA1l38]]></FromUserName>
<CreateTime>1451961600</CreateTime>
<MsgType><![CDATA[text]]></MsgType>
<Content><![CDATA[Dd]]></Content>
<MsgId>6236127587450552759</MsgId>
</xml>
20160105151631: 数据检查<xml><ToUserName><![CDATA[gh_b4c1774a1ef7]]></ToUserName>
<FromUserName><![CDATA[osp6swrNZiWtEuTy-Gj1cBVA1l38]]></FromUserName>
<CreateTime>1451978191</CreateTime>
<MsgType><![CDATA[event]]></MsgType>
<Event><![CDATA[VIEW]]></Event>
<EventKey><![CDATA[http://www.alsovalue.com/case.php]]></EventKey>
<MenuId>401705355</MenuId>
</xml>
20160106134547: 数据检查<xml><ToUserName><![CDATA[gh_b4c1774a1ef7]]></ToUserName>
<FromUserName><![CDATA[osp6swrNZiWtEuTy-Gj1cBVA1l38]]></FromUserName>
<CreateTime>1452059125</CreateTime>
<MsgType><![CDATA[text]]></MsgType>
<Content><![CDATA[记录]]></Content>
<MsgId>6236546454136124857</MsgId>
</xml>
20160106134556: 数据检查<xml><ToUserName><![CDATA[gh_b4c1774a1ef7]]></ToUserName>
<FromUserName><![CDATA[osp6swrNZiWtEuTy-Gj1cBVA1l38]]></FromUserName>
<CreateTime>1452059133</CreateTime>
<MsgType><![CDATA[text]]></MsgType>
<Content><![CDATA[测试超时时间]]></Content>
<MsgId>6236546488495863228</MsgId>
</xml>
20160106150539: 数据检查<xml><ToUserName><![CDATA[gh_b4c1774a1ef7]]></ToUserName>
<FromUserName><![CDATA[osp6swrNZiWtEuTy-Gj1cBVA1l38]]></FromUserName>
<CreateTime>1452063940</CreateTime>
<MsgType><![CDATA[text]]></MsgType>
<Content><![CDATA[测试超时时间]]></Content>
<MsgId>6236567134403656279</MsgId>
</xml>
20160107170139: 数据检查
20160111163049: 数据检查
20160111163128: 数据检查<xml><ToUserName><![CDATA[gh_b4c1774a1ef7]]></ToUserName>
<FromUserName><![CDATA[osp6swrNZiWtEuTy-Gj1cBVA1l38]]></FromUserName>
<CreateTime>1452501088</CreateTime>
<MsgType><![CDATA[text]]></MsgType>
<Content><![CDATA[图]]></Content>
<MsgId>6238444670767262820</MsgId>
</xml>
20160111163135: 数据检查<xml><ToUserName><![CDATA[gh_b4c1774a1ef7]]></ToUserName>
<FromUserName><![CDATA[osp6swrNZiWtEuTy-Gj1cBVA1l38]]></FromUserName>
<CreateTime>1452501095</CreateTime>
<MsgType><![CDATA[event]]></MsgType>
<Event><![CDATA[CLICK]]></Event>
<EventKey><![CDATA[exitChatingroom]]></EventKey>
</xml>
20160111163140: 数据检查<xml><ToUserName><![CDATA[gh_b4c1774a1ef7]]></ToUserName>
<FromUserName><![CDATA[osp6swrNZiWtEuTy-Gj1cBVA1l38]]></FromUserName>
<CreateTime>1452501099</CreateTime>
<MsgType><![CDATA[text]]></MsgType>
<Content><![CDATA[恩]]></Content>
<MsgId>6238444718011903078</MsgId>
</xml>
20160111164506: 数据检查<xml><ToUserName><![CDATA[gh_b4c1774a1ef7]]></ToUserName>
<FromUserName><![CDATA[osp6swrNZiWtEuTy-Gj1cBVA1l38]]></FromUserName>
<CreateTime>1452501906</CreateTime>
<MsgType><![CDATA[event]]></MsgType>
<Event><![CDATA[CLICK]]></Event>
<EventKey><![CDATA[enterChatingroom]]></EventKey>
</xml>
20160111164511: 数据检查<xml><ToUserName><![CDATA[gh_b4c1774a1ef7]]></ToUserName>
<FromUserName><![CDATA[osp6swrNZiWtEuTy-Gj1cBVA1l38]]></FromUserName>
<CreateTime>1452501911</CreateTime>
<MsgType><![CDATA[text]]></MsgType>
<Content><![CDATA[哈哈]]></Content>
<MsgId>6238448205525347699</MsgId>
</xml>
