20160218105829: getWxTokenFromDB=====> 3096
20160218105832:  RequestUtil.php httpPost =====> {"errcode":0,"errmsg":"ok"}
20160218110910:  index.php newwxindex=====> 
20160218110910:  checkSignature =====> token验证成功
20160218110915:  index.php newwxindex=====> 
20160218110915:  checkSignature =====> token验证成功
20160218110915: dealRequest ====>Array
(
    [ToUserName] => gh_b4c1774a1ef7
    [FromUserName] => osp6swrNZiWtEuTy-Gj1cBVA1l38
    [CreateTime] => 1455764955
    [MsgType] => event
    [Event] => CLICK
    [EventKey] => enterChatingroom
)

20160218110915:  TypeEvent EventKey nodb=====> Array
(
    [ToUserName] => gh_b4c1774a1ef7
    [FromUserName] => osp6swrNZiWtEuTy-Gj1cBVA1l38
    [CreateTime] => 1455764955
    [MsgType] => event
    [Event] => CLICK
    [EventKey] => enterChatingroom
)

20160218110915:  TypeEvent EventKey nodb=====> enterChatingroom
20160218111007:  index.php newwxindex=====> 
20160218111007:  checkSignature =====> token验证成功
20160218111007: dealRequest ====>Array
(
    [ToUserName] => gh_b4c1774a1ef7
    [FromUserName] => osp6swvOvVa1aXcjbFGui0Ur88V4
    [CreateTime] => 1455765006
    [MsgType] => event
    [Event] => CLICK
    [EventKey] => enterChatingroom
)

20160218111007:  TypeEvent EventKey nodb=====> Array
(
    [ToUserName] => gh_b4c1774a1ef7
    [FromUserName] => osp6swvOvVa1aXcjbFGui0Ur88V4
    [CreateTime] => 1455765006
    [MsgType] => event
    [Event] => CLICK
    [EventKey] => enterChatingroom
)

20160218111007:  TypeEvent EventKey nodb=====> enterChatingroom
20160218111014:  index.php newwxindex=====> 
20160218111014:  checkSignature =====> token验证成功
20160218111014: dealRequest ====>Array
(
    [ToUserName] => gh_b4c1774a1ef7
    [FromUserName] => osp6swvOvVa1aXcjbFGui0Ur88V4
    [CreateTime] => 1455765013
    [MsgType] => text
    [Content] => 哈哈
    [MsgId] => 6252463121899456266
)

20160218111014: autoReplay content ====>哈哈
20160218111014: saveMsg =======>
20160218111058:  index.php newwxindex=====> 
20160218111058:  checkSignature =====> token验证成功
20160218111058: dealRequest ====>Array
(
    [ToUserName] => gh_b4c1774a1ef7
    [FromUserName] => osp6swvOvVa1aXcjbFGui0Ur88V4
    [CreateTime] => 1455765058
    [MsgType] => text
    [Content] => 仔细
    [MsgId] => 6252463315172984597
)

20160218111058: autoReplay content ====>仔细
20160218111058: saveMsg =======>
20160218111122:  index.php newwxindex=====> 
20160218111122:  checkSignature =====> token验证成功
20160218111122: dealRequest ====>Array
(
    [ToUserName] => gh_b4c1774a1ef7
    [FromUserName] => osp6swvOvVa1aXcjbFGui0Ur88V4
    [CreateTime] => 1455765082
    [MsgType] => text
    [Content] => 呵呵
    [MsgId] => 6252463418252199715
)

20160218111122: autoReplay content ====>呵呵
20160218111122: saveMsg =======>
20160218111201:  index.php newwxindex=====> 
20160218111201:  checkSignature =====> token验证成功
20160218111201: dealRequest ====>Array
(
    [ToUserName] => gh_b4c1774a1ef7
    [FromUserName] => osp6swlzafjgKrXIJXTW9q5RiV74
    [CreateTime] => 1455765121
    [MsgType] => event
    [Event] => CLICK
    [EventKey] => enterChatingroom
)

20160218111201:  TypeEvent EventKey nodb=====> Array
(
    [ToUserName] => gh_b4c1774a1ef7
    [FromUserName] => osp6swlzafjgKrXIJXTW9q5RiV74
    [CreateTime] => 1455765121
    [MsgType] => event
    [Event] => CLICK
    [EventKey] => enterChatingroom
)

20160218111201:  TypeEvent EventKey nodb=====> enterChatingroom
20160218111207:  index.php newwxindex=====> 
20160218111207:  checkSignature =====> token验证成功
20160218111207: dealRequest ====>Array
(
    [ToUserName] => gh_b4c1774a1ef7
    [FromUserName] => osp6swvOvVa1aXcjbFGui0Ur88V4
    [CreateTime] => 1455765127
    [MsgType] => text
    [Content] => 哈哈
    [MsgId] => 6252463611525728054
)

20160218111207: autoReplay content ====>哈哈
20160218111207: saveMsg =======>
20160218111218:  index.php newwxindex=====> 
20160218111218:  checkSignature =====> token验证成功
20160218111218: dealRequest ====>Array
(
    [ToUserName] => gh_b4c1774a1ef7
    [FromUserName] => osp6swlzafjgKrXIJXTW9q5RiV74
    [CreateTime] => 1455765138
    [MsgType] => text
    [Content] => 垃圾
    [MsgId] => 6252463658770368312
)

20160218111218: saveMsg =======>
20160218111218: getWxTokenFromDB=====> 3985
20160218111218:  RequestUtil.php httpPost =====> {"errcode":0,"errmsg":"ok"}
20160218111233:  index.php newwxindex=====> 
20160218111233:  checkSignature =====> token验证成功
20160218111233: dealRequest ====>Array
(
    [ToUserName] => gh_b4c1774a1ef7
    [FromUserName] => osp6swlzafjgKrXIJXTW9q5RiV74
    [CreateTime] => 1455765153
    [MsgType] => text
    [Content] => 卡里
    [MsgId] => 6252463723194877756
)

20160218111233: saveMsg =======>
20160218111233: getWxTokenFromDB=====> 4000
20160218111233:  RequestUtil.php httpPost =====> {"errcode":0,"errmsg":"ok"}
20160218111238:  index.php newwxindex=====> 
20160218111238:  checkSignature =====> token验证成功
20160218111238: dealRequest ====>Array
(
    [ToUserName] => gh_b4c1774a1ef7
    [FromUserName] => osp6swvOvVa1aXcjbFGui0Ur88V4
    [CreateTime] => 1455765158
    [MsgType] => text
    [Content] => 好好好
    [MsgId] => 6252463744669714241
)

20160218111238: autoReplay content ====>好好好
20160218111238: saveMsg =======>
20160218111245:  index.php newwxindex=====> 
20160218111245:  checkSignature =====> token验证成功
20160218111245: dealRequest ====>Array
(
    [ToUserName] => gh_b4c1774a1ef7
    [FromUserName] => osp6swvOvVa1aXcjbFGui0Ur88V4
    [CreateTime] => 1455765164
    [MsgType] => event
    [Event] => CLICK
    [EventKey] => enterChatingroom
)

20160218111245:  TypeEvent EventKey nodb=====> Array
(
    [ToUserName] => gh_b4c1774a1ef7
    [FromUserName] => osp6swvOvVa1aXcjbFGui0Ur88V4
    [CreateTime] => 1455765164
    [MsgType] => event
    [Event] => CLICK
    [EventKey] => enterChatingroom
)

20160218111245:  TypeEvent EventKey nodb=====> enterChatingroom
20160218111248:  index.php newwxindex=====> 
20160218111248:  checkSignature =====> token验证成功
20160218111248: dealRequest ====>Array
(
    [ToUserName] => gh_b4c1774a1ef7
    [FromUserName] => osp6swvOvVa1aXcjbFGui0Ur88V4
    [CreateTime] => 1455765167
    [MsgType] => event
    [Event] => CLICK
    [EventKey] => enterChatingroom
)

20160218111248:  TypeEvent EventKey nodb=====> Array
(
    [ToUserName] => gh_b4c1774a1ef7
    [FromUserName] => osp6swvOvVa1aXcjbFGui0Ur88V4
    [CreateTime] => 1455765167
    [MsgType] => event
    [Event] => CLICK
    [EventKey] => enterChatingroom
)

20160218111248:  TypeEvent EventKey nodb=====> enterChatingroom
20160218111256:  index.php newwxindex=====> 
20160218111256:  checkSignature =====> token验证成功
20160218111256: dealRequest ====>Array
(
    [ToUserName] => gh_b4c1774a1ef7
    [FromUserName] => osp6swvOvVa1aXcjbFGui0Ur88V4
    [CreateTime] => 1455765176
    [MsgType] => text
    [Content] => 哈哈
    [MsgId] => 6252463821979125578
)

20160218111256: saveMsg =======>
20160218111256: getWxTokenFromDB=====> 4023
20160218111256:  RequestUtil.php httpPost =====> {"errcode":0,"errmsg":"ok"}
20160218111256: getWxTokenFromDB=====> 4023
20160218111256:  RequestUtil.php httpPost =====> {"errcode":0,"errmsg":"ok"}
20160218111422:  index.php newwxindex=====> 
20160218111422:  checkSignature =====> token验证成功
20160218111422: dealRequest ====>Array
(
    [ToUserName] => gh_b4c1774a1ef7
    [FromUserName] => osp6swlzafjgKrXIJXTW9q5RiV74
    [CreateTime] => 1455765262
    [MsgType] => text
    [Content] => /::O
    [MsgId] => 6252464191346313059
)

20160218111422: saveMsg =======>
20160218111422: getWxTokenFromDB=====> 4109
20160218111423:  RequestUtil.php httpPost =====> {"errcode":0,"errmsg":"ok"}
20160218111423: getWxTokenFromDB=====> 4110
20160218111423:  RequestUtil.php httpPost =====> {"errcode":0,"errmsg":"ok"}
20160218111446:  index.php newwxindex=====> 
20160218111446:  checkSignature =====> token验证成功
20160218111446: dealRequest ====>Array
(
    [ToUserName] => gh_b4c1774a1ef7
    [FromUserName] => osp6swlzafjgKrXIJXTW9q5RiV74
    [CreateTime] => 1455765286
    [MsgType] => text
    [Content] => 啊啊啊
    [MsgId] => 6252464294425528174
)

20160218111446: saveMsg =======>
20160218111446: getWxTokenFromDB=====> 4133
20160218111446:  RequestUtil.php httpPost =====> {"errcode":0,"errmsg":"ok"}
20160218111446: getWxTokenFromDB=====> 4133
20160218111447:  RequestUtil.php httpPost =====> {"errcode":0,"errmsg":"ok"}
20160218111513:  index.php newwxindex=====> 
20160218111513:  checkSignature =====> token验证成功
20160218111513: dealRequest ====>Array
(
    [ToUserName] => gh_b4c1774a1ef7
    [FromUserName] => osp6swrNZiWtEuTy-Gj1cBVA1l38
    [CreateTime] => 1455765312
    [MsgType] => text
    [Content] => Fd
    [MsgId] => 6252464406094677876
)

20160218111513: autoReplay content ====>Fd
20160218111513: saveMsg =======>
20160218111637:  index.php newwxindex=====> 
20160218111637:  checkSignature =====> token验证成功
20160218111637: dealRequest ====>Array
(
    [ToUserName] => gh_b4c1774a1ef7
    [FromUserName] => osp6swlzafjgKrXIJXTW9q5RiV74
    [CreateTime] => 1455765396
    [MsgType] => text
    [Content] => 进来了
    [MsgId] => 6252464766871930756
)

20160218111637: saveMsg =======>
20160218111637: getWxTokenFromDB=====> 4244
20160218111637:  RequestUtil.php httpPost =====> {"errcode":0,"errmsg":"ok"}
20160218111637: getWxTokenFromDB=====> 4244
20160218111637:  RequestUtil.php httpPost =====> {"errcode":0,"errmsg":"ok"}
20160218111648:  index.php newwxindex=====> 
20160218111648:  checkSignature =====> token验证成功
20160218111648: dealRequest ====>Array
(
    [ToUserName] => gh_b4c1774a1ef7
    [FromUserName] => osp6swlzafjgKrXIJXTW9q5RiV74
    [CreateTime] => 1455765408
    [MsgType] => text
    [Content] => 得得
    [MsgId] => 6252464818411538311
)

20160218111648: saveMsg =======>
20160218111648: getWxTokenFromDB=====> 4255
20160218111648:  RequestUtil.php httpPost =====> {"errcode":0,"errmsg":"ok"}
20160218111648: getWxTokenFromDB=====> 4255
20160218111648:  RequestUtil.php httpPost =====> {"errcode":0,"errmsg":"ok"}
20160218111730:  index.php newwxindex=====> 
20160218111730:  checkSignature =====> token验证成功
20160218111730: dealRequest ====>Array
(
    [ToUserName] => gh_b4c1774a1ef7
    [FromUserName] => osp6swrNZiWtEuTy-Gj1cBVA1l38
    [CreateTime] => 1455765450
    [MsgType] => text
    [Content] => Jdn
    [MsgId] => 6252464998800164760
)

20160218111730: autoReplay content ====>Jdn
20160218111730: saveMsg =======>
20160218111824:  index.php newwxindex=====> 
20160218111824:  checkSignature =====> token验证成功
20160218111824: dealRequest ====>Array
(
    [ToUserName] => gh_b4c1774a1ef7
    [FromUserName] => osp6swvOvVa1aXcjbFGui0Ur88V4
    [CreateTime] => 1455765503
    [MsgType] => text
    [Content] => 好好好
    [MsgId] => 6252465226433431464
)

20160218111824: saveMsg =======>
20160218111824: getWxTokenFromDB=====> 4351
20160218111824:  RequestUtil.php httpPost =====> {"errcode":0,"errmsg":"ok"}
20160218111824: getWxTokenFromDB=====> 4351
20160218111824:  RequestUtil.php httpPost =====> {"errcode":0,"errmsg":"ok"}
20160218111844:  index.php newwxindex=====> 
20160218111844:  checkSignature =====> token验证成功
20160218111844: dealRequest ====>Array
(
    [ToUserName] => gh_b4c1774a1ef7
    [FromUserName] => osp6swvOvVa1aXcjbFGui0Ur88V4
    [CreateTime] => 1455765524
    [MsgType] => text
    [Content] => 嘎嘎嘎
    [MsgId] => 6252465316627744686
)

20160218111844: saveMsg =======>
20160218111844: getWxTokenFromDB=====> 4371
20160218111844:  RequestUtil.php httpPost =====> {"errcode":0,"errmsg":"ok"}
20160218111844: getWxTokenFromDB=====> 4371
20160218111844:  RequestUtil.php httpPost =====> {"errcode":0,"errmsg":"ok"}
20160218111848:  index.php newwxindex=====> 
20160218111848:  checkSignature =====> token验证成功
20160218111848: dealRequest ====>Array
(
    [ToUserName] => gh_b4c1774a1ef7
    [FromUserName] => osp6swvOvVa1aXcjbFGui0Ur88V4
    [CreateTime] => 1455765528
    [MsgType] => text
    [Content] => 嘻嘻
    [MsgId] => 6252465333807613873
)

20160218111848: saveMsg =======>
20160218111848: getWxTokenFromDB=====> 4375
20160218111848:  RequestUtil.php httpPost =====> {"errcode":0,"errmsg":"ok"}
20160218111848: getWxTokenFromDB=====> 4375
20160218111848:  RequestUtil.php httpPost =====> {"errcode":0,"errmsg":"ok"}
20160218111852:  index.php newwxindex=====> 
20160218111852:  checkSignature =====> token验证成功
20160218111852: dealRequest ====>Array
(
    [ToUserName] => gh_b4c1774a1ef7
    [FromUserName] => osp6swvOvVa1aXcjbFGui0Ur88V4
    [CreateTime] => 1455765532
    [MsgType] => text
    [Content] => /::D
    [MsgId] => 6252465350987483061
)

20160218111852: saveMsg =======>
20160218111852: getWxTokenFromDB=====> 4379
20160218111853:  RequestUtil.php httpPost =====> {"errcode":0,"errmsg":"ok"}
20160218111853: getWxTokenFromDB=====> 4380
20160218111853:  RequestUtil.php httpPost =====> {"errcode":0,"errmsg":"ok"}
